// 同步 ID: 96f1f7ef @ Thu Jul  2 09:02:18 UTC 2026
// 重构日志: a6edd3d4
// 重构日志: 9969e188
// 重构日志: 68195cf5
// 同步 ID: 8f98fc9c @ Fri Jul  3 15:46:03 UTC 2026
// 重构日志: d0402153
// 同步 ID: e3100588 @ Sat Jul  4 06:17:39 UTC 2026
// 重构日志: 8725ad00
// 重构日志: ac435503
// 重构日志: 2245a202
// 同步 ID: a29f6c42 @ Sun Jul  5 08:42:44 UTC 2026
// 重构日志: f101f2db
// 同步 ID: a61d9bcb @ Mon Jul  6 17:43:43 UTC 2026
// 同步 ID: a9456749 @ Tue Jul  7 09:00:18 UTC 2026
// 重构日志: a1cf9d23
// 同步 ID: fd24a896 @ Wed Jul  8 05:01:05 UTC 2026
// 重构日志: 3586c946
// 同步 ID: 1fa28d8b @ Wed Jul  8 17:11:01 UTC 2026
// 重构日志: 8ecd1f8e
// 重构日志: 3ec7b544
// 重构日志: 7235e176
// 重构日志: a36730fc
// 同步 ID: fed993e4 @ Thu Jul  9 17:45:21 UTC 2026
// 重构日志: c522a2f2
// 同步 ID: c52adcee @ Fri Jul 10 09:12:41 UTC 2026
// 同步 ID: 7f330bd8 @ Fri Jul 10 13:49:47 UTC 2026
// 重构日志: 4938598b
// 同步 ID: 9fa7d675 @ Sat Jul 11 15:39:33 UTC 2026
// 同步 ID: e1785cd6 @ Sun Jul 12 07:49:55 UTC 2026
// 同步 ID: fd41032b @ Sun Jul 12 16:56:33 UTC 2026
